556 users
user 524133439 [1/556]: 54 posts
	10152516391173440: .
	10152513339033440: _
	10152505358313440: .
	10152503468903440: .
	10152499438063440: .
	10152487361758440: .
	10152486786663440: _
	10152486005168440: .
	10152481295338440: _
	10152477875558440: .
	10152476525423440: .
	10152476422738440: .
	10152474926298440: .
	10152474738908440: .
	10152473308093440: _
	10152473018143440: .
	10152470769688440: _
	10152467140733440: .
	10152467009668440: .
	10152466913833440: .
	1525945130975486: _
	10152466680413440: .
	10152465799433440: .
	10152463647168440: .
	10152463133383440: _
	772050486185645: .
	10152460944673440: .
	10152459611853440: .
	10152459499503440: .
	10152457621118440: .
	10152457412933440: .
	10152455474838440: .
	10152453801678440: .
	10152453122128440: .
	10152453113503440: .
	10152451937938440: .
	10152446755483440: .
	10152437863183440: .
	10152437663568440: .
	10152435976998440: .
	10204958842478841: .
	10152433904938440: _
	10152427611163440: .
	10152426256813440: .
	709543125760623: .
	10204733143353161: .
	10152423450063440: .
	10152423188693440: .
	10152421176768440: .
	10152420565178440: .
	10152416161778440: _
	10152415784943440: .
	10152413583143440: .
	10152411966698440: .


user 527819669 [2/556]: 12 posts
	10152508926959670: .
	10152494254384670: _
	10152491836664670: _
	10152483905234670: _
	10152475214419670: .
	10152475200484670: .
	10152365720934670: .
	10152346054709670: _
	10152337423724670: .
	10152331346944670: _
	10152326562954670: .
	10152322496689670: _


user 530067671 not existing: go further
user 557128721 not existing: go further
user 582474908 not existing: go further
user 583166096 not existing: go further
user 591066635 not existing: go further
user 612290978 not existing: go further
user 658812187 not existing: go further
user 694901092 not existing: go further
user 696566046 not existing: go further
user 696640238 not existing: go further
user 702751883 [3/556]: 143 posts
	10152471651326884: _
	10152453030941884: _
	10152453030666884: _
	10152452279606884: _
	10152438351376884: _
	10152438351361884: _
	10152429282516884: _
	10152409972961884: _
	10152409972951884: _
	10152394296681884: _
	10152394296621884: _
	10152393776351884: _
	10152395229096884: _
	10152391664336884: _
	10152391664316884: _
	10152389645776884: _
	10152389223371884: _
	10152389223361884: _
	10152383555696884: _
	10152380576871884: _
	10152368416331884: _
	10152365144721884: _
	10152362730286884: _
	10152350572846884: _
	10152349684736884: _
	10152347591826884: _
	10152338377336884: _
	10152335558376884: _
	10152326117381884: _
	10202939165492537: _
	10152320572811884: _
	10152316538511884: _
	10152310521786884: _
	10152309827186884: _
	10152309820096884: _
	10152309267396884: .
	10152307465591884: .
	10152307398921884: _
	10152268833706884: _
	10152265934706884: _
	10152265759406884: _
	10152262746486884: .
	10152262194326884: _
	10152238668626884: .
	10152237265641884: _
	10152214256591884: _
	10152211657776884: .
	10152210194506884: _
	10152202950756884: _
	10152200933761884: _
	10152200746486884: _
	10152200746481884: _
	10152200740256884: _
	10152195961841884: _
	10152190194186884: _
	10152187916726884: _
	10152187711456884: .
	10152186138511884: _
	663537450350036: .
	10152175706356884: _
	10152155091441884: .
	10152154486841884: .
	10152154419266884: .
	10152154348971884: .
	10152154317396884: .
	10152154288516884: .
	10152154253796884: .
	10152154201711884: .
	10152154186376884: .
	10152154100901884: .
	10152154098421884: .
	10152154072191884: .
	10152154018371884: .
	10152154010221884: .
	10152153953176884: .
	10152153864186884: .
	10152153835521884: .
	10152153815476884: .
	10152153789721884: .
	10152153770066884: .
	10152153768251884: .
	10152153767826884: .
	10152153747476884: .
	10152153728471884: .
	10152153721491884: .
	10152153718131884: .
	10152153707911884: .
	10152153707436884: .
	10152153695256884: .
	10152153693106884: .
	10152153686946884: .
	10152153680021884: .
	10152153665491884: .
	10152153663346884: .
	10152153653916884: .
	10152153650471884: .
	10152153639706884: .
	10152153618191884: .
	10152153606256884: .
	10152153598946884: .
	10152153582566884: .
	10152153573786884: .
	10152153571926884: .
	10152153564431884: .
	10152153545371884: .
	10152153531011884: .
	10152153482971884: .
	10152153478241884: .
	10152153449451884: .
	10152153448501884: .
	10152153444776884: .
	10152153426946884: .
	10152153416811884: .
	10152153412246884: .
	10152153387021884: .
	10152153373686884: .
	10152153117761884: .
	10152152860161884: .
	10152152849481884: .
	10152152844726884: .
	10152152824041884: .
	10152141577476884: _
	10203519215730306: .
	653843487986099: .
	10203496125193057: .
	10152135251911884: .
	10152135104706884: _
	10152134379466884: _
	10152130385706884: .
	10152128516686884: _
	10152128516691884: _
	10152126647651884: .
	10152124947531884: _
	649360751767706: .
	10152110951351884: _
	10152106520911884: _
	10152103656311884: _
	10152097210986884: _
	10152097211021884: _
	10152093980061884: _
	10152092246986884: _
	10152089212766884: _
	10152087033566884: _


user 721963544 not existing: go further
user 724134574 not existing: go further
user 728072897 not existing: go further
user 728595240 not existing: go further
user 743981135 not existing: go further
user 749115007 not existing: go further
user 756000353 not existing: go further
user 783183538 not existing: go further
user 826044892 not existing: go further
user 836460098 not existing: go further
user 846465157 not existing: go further
user 857870216 not existing: go further
user 1004935060 not existing: go further
user 1005118567 not existing: go further
user 1005956539 not existing: go further
user 1007366497 not existing: go further
user 1041832045 [4/556]: 114 posts
	10203766300851621: .
	10203712099936632: .
	10203711122472196: .
	10203634449795427: _
	10203616654430554: _
	10203584867995913: _
	10203532034435107: _
	10203531557583186: _
	10203500754533129: _
	10203491979433757: .
	10203483798749245: .
	10203480405424414: .
	10203443765788446: _
	10203429825159939: _
	10203394095426718: _
	10203360396744272: _
	10203357971323638: _
	10203327146153028: .
	10203309337107813: _
	10203306790164141: .
	10203302717582329: _
	10203300718212346: .
	10203275023569996: _
	10203254496696837: _
	10203235865351065: .
	10203234802044483: .
	10203223815129817: _
	10203221549553179: .
	10203205436030351: _
	10203192299781953: _
	10203137571173772: _
	10203117018619971: _
	10203093946563184: _
	10203093915522408: _
	10203086491336808: .
	10203084667091203: .
	10203073388729251: .
	10203068632530349: _
	10203068593929384: _
	10203049966423708: _
	10203820960790675: _
	10203007452280881: _
	10202998114567444: _
	10202972404404706: .
	10202933301827166: _
	10202887403519737: .
	10202881034880525: _
	10202870709662401: _
	10202854342573234: .
	10202844895177055: .
	10202842414035028: .
	10202839152673496: _
	10202835538583146: _
	10202832415385068: .
	10202832201219714: _
	10202823854691056: _
	10202811853391031: .
	10202798845065831: _
	10202788392724529: .
	10202781917882662: _
	10202773538753189: _
	10202755808269938: _
	10202753765218863: .
	10202711674086611: .
	10202694913507607: _
	10202653730198050: _
	10202650367953996: .
	10202646921667841: .
	10202641718657769: .
	10202634282911880: .
	10202625839900810: _
	10202608770474085: _
	10202606086966999: .
	10202602596999752: _
	10202582220290347: .
	10202541893562204: _
	10202530428955596: .
	10202525173704218: _
	10202499535903289: _
	10202464840435924: _
	10202455728088121: _
	10202452547808616: _
	10202422041165969: _
	10202395939113434: _
	10202340446886163: .
	10202339589184721: .
	10202312674711876: _
	10202292143518609: _
	10202271338078486: _
	10202262469376774: _
	10202246541898597: .
	10202223800650080: .
	10202153251846404: _
	10202102288332348: _
	10202097849421378: .
	10202068913738004: _
	10202063012910487: .
	10202013916283102: _
	10201992299822704: _
	10201992281582248: _
	10201992166699376: _
	10201992061096736: _
	10201991959054185: _
	10201991906172863: _
	10201991759649200: _
	10201991561164238: _
	10201991550803979: _
	10201991376279616: _
	10201991316198114: _
	10201991285957358: _
	10201991268716927: _
	10201991224515822: _
	10201991189474946: _
	10201991156874131: _


user 1042479303 not existing: go further
user 1046412973 not existing: go further
user 1057722656 not existing: go further
user 1066385336 not existing: go further
user 1067045945 not existing: go further
user 1071717820 not existing: go further
user 1083157768 not existing: go further
user 1088611990 not existing: go further
user 1093476514 not existing: go further
user 1100185347 not existing: go further
user 1104573922 not existing: go further
user 1106277515 not existing: go further
user 1113008618 not existing: go further
user 1113845465 not existing: go further
user 1117264210 not existing: go further
user 1118180932 not existing: go further
user 1118894828 not existing: go further
user 1136335215 not existing: go further
user 1141492458 not existing: go further
user 1148657118 not existing: go further
user 1155548211 not existing: go further
user 1171084425 not existing: go further
user 1171550006 not existing: go further
user 1173553249 not existing: go further
user 1174051577 not existing: go further
user 1179442110 not existing: go further
user 1188138976 not existing: go further
user 1188340623 not existing: go further
user 1196251864 not existing: go further
user 1199375915 not existing: go further
user 1200945592 not existing: go further
user 1204462177 not existing: go further
user 1206641154 not existing: go further
user 1208772568 not existing: go further
user 1214016345 not existing: go further
user 1227205497 not existing: go further
user 1232497102 not existing: go further
user 1237698121 not existing: go further
user 1238341102 not existing: go further
user 1248472215 not existing: go further
user 1248739337 not existing: go further
user 1255893195 not existing: go further
user 1267000167 not existing: go further
user 1269702655 not existing: go further
user 1270788874 not existing: go further
user 1275100881 not existing: go further
user 1278081110 not existing: go further
user 1283086750 not existing: go further
user 1291490310 not existing: go further
user 1292383337 not existing: go further
user 1300687835 not existing: go further
user 1304427360 not existing: go further
user 1307605173 not existing: go further
user 1312338491 not existing: go further
user 1312489640 not existing: go further
user 1314252582 not existing: go further
user 1314991179 not existing: go further
user 1315095902 not existing: go further
user 1316418713 not existing: go further
user 1316585922 not existing: go further
user 1318986142 [5/556]: 143 posts
	10205009130650828: _
	10204612579417295: _
	10204568491400544: .
	10204359111681532: .
	10204401819948440: _
	10204325568282196: _
	10204322607048167: _
	10204322370922264: _
	10204321286095144: _
	10204321120851013: _
	10204320696560406: _
	10204317408718212: _
	10204315645314128: _
	10204315572832316: _
	10204315406588160: _
	10204314158996971: _
	10204313780027497: _
	10204313619303479: _
	10204313618823467: _
	10204313381897544: _
	10204313337616437: _
	10204313199132975: _
	10204313144851618: _
	10204313006488159: _
	10204312986887669: _
	10204312860124500: _
	10204312726201152: _
	10204311991382782: .
	10204311645374132: .
	10204311631093775: _
	10204311492130301: _
	10204311440969022: _
	10204311431008773: _
	10204311418768467: .
	10204311356926921: _
	10204311344246604: _
	10204311315165877: _
	10204311235643889: _
	10204311210483260: _
	10204311103680590: _
	10204311067879695: _
	10204311050399258: _
	821336184544653: .
	10204310994837869: _
	10204310989477735: _
	10204310969637239: _
	10204310968197203: _
	10204310733271330: _
	10204310220218504: _
	10204310207698191: _
	10204310170297256: _
	10204310162257055: _
	10204310148776718: .
	10204310132136302: _
	10204310129736242: _
	10204310108895721: .
	10204310054174353: _
	10204310015813394: _
	10204309998612964: _
	10204309998252955: .
	10204309917570938: _
	10204308516535913: _
	10204308311770794: _
	10204307948801720: _
	10204307936201405: _
	10204307780877522: _
	10204307646954174: _
	10204307632953824: _
	10204307624673617: _
	10204307535711393: _
	10204140636099007: _
	10204134579067585: _
	10204076715586456: .
	10204035948241876: _
	10203974888115411: _
	10203632932966746: _
	10203600731921740: _
	10203587459269932: _
	10203514863735089: .
	10203458358082483: _
	10203454697550972: _
	10203432006503710: _
	10203312922526685: _
	10203294725071760: _
	10203294708111336: _
	10203203234264547: _
	10203153614664088: .
	10203133520481746: .
	10202918825674510: _
	10202777452340265: _
	10202760835324850: .
	10202490968658352: _
	10202390639470185: .
	10202327835260119: _
	10202238266980968: .
	10202151416689765: _
	10202096457355816: _
	10201847441050564: _
	10201826899897048: _
	10201810720572575: _
	10201804676261471: _
	10201781678806549: _
	10201780839865576: .
	10201749036910522: .
	10201642481166695: _
	10201634667651362: .
	10201495447130936: _
	10201495130363017: _
	10201494798154712: _
	10201494607869955: _
	10201494062736327: _
	10201493679046735: _
	10201493340198264: _
	10201493308597474: _
	10201492763583849: _
	10201492423215340: _
	10201492420735278: _
	10201492193729603: _
	10201491930283017: _
	10201491822560324: _
	10201491252066062: _
	10201491117262692: _
	10201491104382370: _
	10201491046180915: _
	10201490988499473: _
	10201490888256967: _
	10201490849295993: _
	10201490826135414: _
	10201490687131939: _
	10201490673131589: _
	10201490607689953: _
	10201490531368045: _
	10201490526287918: _
	10201490458326219: _
	10201490350603526: _
	10201490302442322: _
	10201490283481848: _
	10201490273801606: _
	10201489968273968: _
	10201489862991336: _
	10201488272711580: _
	10201487922622828: _
	10201487888941986: _


user 1319893155 not existing: go further
user 1321006971 not existing: go further
user 1321427342 not existing: go further
user 1322245489 not existing: go further
user 1322567512 not existing: go further
user 1322752400 not existing: go further
user 1323022101 not existing: go further
user 1325397107 not existing: go further
user 1330674214 not existing: go further
user 1333537816 not existing: go further
user 1339844480 not existing: go further
user 1343385932 not existing: go further
user 1346374923 not existing: go further
user 1346610234 not existing: go further
user 1347394951 not existing: go further
user 1348210740 not existing: go further
user 1349715998 not existing: go further
user 1350376040 not existing: go further
user 1355910198 not existing: go further
user 1357226618 not existing: go further
user 1358866117 not existing: go further
user 1360845970 not existing: go further
user 1367522837 not existing: go further
user 1371600181 not existing: go further
user 1372426235 not existing: go further
user 1372553584 not existing: go further
user 1372993246 not existing: go further
user 1379547150 [6/556]: 4 posts
	10204889940956275: _
	10205051864841174: _
	10205044632860379: _
	10204843508352392: _


user 1382940215 not existing: go further
user 1386607695 not existing: go further
user 1387275915 not existing: go further
user 1395076949 not existing: go further
user 1395584807 not existing: go further
user 1395866229 not existing: go further
user 1399809388 not existing: go further
user 1400672499 not existing: go further
user 1403379475 not existing: go further
user 1404438645 not existing: go further
user 1405394946 not existing: go further
user 1405505637 not existing: go further
user 1405628464 not existing: go further
user 1406049374 not existing: go further
user 1406223032 not existing: go further
user 1406298171 not existing: go further
user 1406605630 not existing: go further
user 1409975532 not existing: go further
user 1410408838 not existing: go further
user 1410574649 not existing: go further
user 1413214724 not existing: go further
user 1414015358 not existing: go further
user 1416037170 not existing: go further
user 1417832498 not existing: go further
user 1418319147 not existing: go further
user 1419033932 not existing: go further
user 1420904692 not existing: go further
user 1421314380 not existing: go further
user 1422321259 not existing: go further
user 1422783769 not existing: go further
user 1424043759 not existing: go further
user 1430058700 not existing: go further
user 1430101229 not existing: go further
user 1431459465 not existing: go further
user 1431933780 not existing: go further
user 1432951230 not existing: go further
user 1435351270 not existing: go further
user 1435817041 not existing: go further
user 1437271237 not existing: go further
user 1439581336 not existing: go further
user 1442957241 not existing: go further
user 1443143095 not existing: go further
user 1443691275 not existing: go further
user 1445139820 not existing: go further
user 1448947539 not existing: go further
user 1450910954 not existing: go further
user 1451317500 not existing: go further
user 1452606271 not existing: go further
user 1453207705 not existing: go further
user 1453333104 not existing: go further
user 1453690400 not existing: go further
user 1453925758 not existing: go further
user 1456021024 not existing: go further
user 1456897745 not existing: go further
user 1456957538 not existing: go further
user 1457268548 not existing: go further
user 1457962386 not existing: go further
user 1458907658 not existing: go further
user 1460407817 not existing: go further
user 1460587614 not existing: go further
user 1462327513 not existing: go further
user 1464051887 not existing: go further
user 1465627238 not existing: go further
user 1472517839 not existing: go further
user 1472590181 not existing: go further
user 1478907838 not existing: go further
user 1479985818 not existing: go further
user 1481372280 not existing: go further
user 1483872054 not existing: go further
user 1484621986 not existing: go further
user 1487528662 not existing: go further
user 1490507254 not existing: go further
user 1492783313 not existing: go further
user 1493467782 not existing: go further
user 1496555897 not existing: go further
user 1497888596 not existing: go further
user 1498778015 not existing: go further
user 1500413292 not existing: go further
user 1504052236 not existing: go further
user 1504842584 not existing: go further
user 1505636551 not existing: go further
user 1511817815 not existing: go further
user 1512206728 not existing: go further
user 1513712213 not existing: go further
user 1514424615 not existing: go further
user 1514998534 not existing: go further
user 1516597014 not existing: go further
user 1517805388 not existing: go further
user 1518563077 not existing: go further
user 1518856734 not existing: go further
user 1519610685 not existing: go further
user 1520373374 not existing: go further
user 1520794339 not existing: go further
user 1520966760 not existing: go further
user 1522952981 not existing: go further
user 1524745115 not existing: go further
user 1525925756 not existing: go further
user 1528516905 not existing: go further
user 1529169343 [7/556]: 3 posts
	10204945521467644: _
	10203765980702095: .
	10204567922587908: _


user 1529441651 [8/556]: 140 posts
	10204872628805382: _
	10204797006274866: _
	10204797006194864: _
	10204755025145364: _
	10204754885861882: _
	10204746478091693: _
	10204738365528884: .
	10204677607289966: _
	10204676963713877: _
	10204638062901381: _
	10204627078906788: _
	10204609551628617: _
	10204604351658621: _
	10204596529423070: _
	10204583854466204: _
	10204583608620058: _
	10204583604819963: _
	10204572179894347: _
	10204565121717897: _
	10204556642185914: _
	10204556468061561: _
	10204556463701452: _
	10204552181874409: _
	10204543488457079: _
	10204543086047019: _
	10204543077846814: _
	10204531146068527: _
	10204516575824280: _
	10204489285022027: _
	10204486493792248: _
	10204485376004304: _
	10204482859941404: _
	10204457674031772: _
	10204441073056758: _
	10204440975134310: _
	10204440936333340: _
	10204438733358267: _
	10204428927553128: _
	10204418145483583: _
	10204395860886482: _
	10204375483017048: _
	10204349872776808: _
	10204337766914169: _
	10204335220730516: _
	10204329061336535: _
	10204321530108259: _
	10204318901922556: _
	10204299590959794: _
	10204299386714688: _
	10204263413775387: _
	10204263413695385: _
	10204231221290595: _
	10204231221370597: _
	10204237913937907: _
	10204222685237199: _
	10204221536128472: _
	10204214400430084: _
	10204205832215884: _
	10204203172029381: _
	10204196807950283: _
	10204198364469195: _
	10204195609320318: _
	10204185535228472: _
	10204183685942241: _
	10204167539898600: _
	10204165000875126: _
	10204149946258770: _
	10204149934538477: _
	10204143321973167: _
	10204137818195576: _
	10204137817995571: _
	10204137700472633: _
	10204084956194059: _
	10204038177824629: .
	10204024583644783: _
	10204004921473241: _
	10204004921353238: _
	10203992035711105: _
	10203992025190842: _
	10203964796910152: _
	10203950114303096: _
	10203946188364950: _
	10203931831366034: _
	10203909013915612: _
	10203909012195569: _
	10203887418535741: _
	10203886821840824: .
	10203863530378552: _
	10203821438486281: _
	10203818360049322: _
	10203778617295778: _
	10203735653861719: _
	10203734016460785: _
	10203725892537692: _
	10203725683772473: _
	10203725512208184: _
	10203725394005229: _
	10203725319843375: .
	10203725684332487: _
	10203722014160735: .
	10203721813195711: _
	10203721549149110: _
	10203721535068758: _
	10203721390065133: _
	10203720959614372: .
	10203720885332515: _
	10203720635246263: _
	10203720594765251: _
	10203720317918330: _
	10203720300317890: _
	10203720274437243: _
	10203720252436693: _
	10203720228116085: _
	10203720172794702: _
	10203719735543771: _
	10203719662141936: _
	10203719641501420: _
	10203719634181237: _
	10203719494337741: _
	10203719413895730: _
	10203719350054134: _
	10203719317933331: _
	10203719232011183: _
	10203719226251039: _
	10203719077247314: _
	10203719074487245: _
	10203719048046584: _
	10203718978844854: _
	10203718567074560: _
	10203718559914381: _
	10203718538993858: _
	10203718483832479: _
	10203718475312266: _
	10203718304547997: _
	10203718299227864: _
	10203718294147737: _
	10203718287107561: .
	10203718246066535: _
	10203718214145737: _
	10203718210145637: _


user 1530713954 not existing: go further
user 1533184302 not existing: go further
user 1534363306 not existing: go further
user 1534548255 not existing: go further
user 1534570193 not existing: go further
user 1539877955 not existing: go further
user 1542010332 not existing: go further
user 1543357821 not existing: go further
user 1543431411 not existing: go further
user 1543510768 not existing: go further
user 1543793920 not existing: go further
user 1543971304 not existing: go further
user 1545109169 not existing: go further
user 1545109598 not existing: go further
user 1545138927 not existing: go further
user 1545241700 not existing: go further
user 1545418158 not existing: go further
user 1546237548 not existing: go further
user 1546338802 not existing: go further
user 1546641330 not existing: go further
user 1546990918 not existing: go further
user 1547807019 not existing: go further
user 1548845596 not existing: go further
user 1551272486 not existing: go further
user 1551462476 not existing: go further
user 1553412740 not existing: go further
user 1554141282 not existing: go further
user 1554939559 not existing: go further
user 1555227824 not existing: go further
user 1556388727 not existing: go further
user 1556465808 not existing: go further
user 1556656583 not existing: go further
user 1556896252 not existing: go further
user 1557184819 [9/556]: 108 posts
	10204005518769098: .
	10203804773470591: _
	10203679029367067: _
	10203638998966332: _
	10203629805936512: .
	10203623380855889: .
	10203600342759951: .
	10203451965490612: _
	10203354327209716: .
	10203350573355872: _
	10203278806921756: _
	10203108340940213: _
	10203075977931158: .
	10202898091844117: _
	10202484080654096: .
	10201820799512482: _
	10201639647543796: _
	10201601850718899: .
	10201588381462176: .
	10201540683109747: .
	10201500819553183: _
	10201497521630737: .
	10201387920850786: .
	10201386465454402: _
	10201296875614712: _
	10201137928161125: _
	10201011556521913: _
	10200959100210538: .
	10200927707025728: _
	10200615740466759: _
	10200573661214804: _
	10200477178162788: _
	10200470284710456: .
	10200422703920966: _
	10200311703226018: _
	10200311703066014: _
	4692484200877: _
	103602483134498: _
	167370023400684: .
	4680137692222: _
	4679279110758: .
	512295725461194: .
	4674878840754: _
	4665223399374: .
	4658001018819: _
	4649754812669: .
	473539815999961: .
	339565026138722: .
	4616630904592: _
	4591251630126: _
	356952627720802: .
	4562639754847: .
	4554703836454: _
	4549032654678: _
	4548975533250: _
	4539310491630: .
	4532130472134: _
	4517877195811: _
	4511630159639: _
	436683143050789: .
	4501462185446: _
	4488895191279: _
	359687854105618: .
	4474139102386: _
	4452244075024: _
	4448104051526: .
	4438722056982: .
	4435699581422: _
	4425336802359: _
	4414954062797: .
	4407014824321: _
	4406135682343: .
	504300046250121: _
	456037157774520: _
	4391499156439: _
	490435684319746: .
	403142076417316: .
	4147305331746: _
	4104660625655: .
	4079786203810: _
	4079461675697: _
	4077580028657: .
	4074052300466: _
	4062443250247: .
	416672321688729: .
	4047139147654: _
	4042588313886: _
	366056820115969: _
	4031064225791: _
	4031058305643: .
	247286125371104: .
	467253329967373: _
	230091930426856: _
	4021560908214: _
	4020769968441: _
	422351171129863: .
	4014885741339: .
	185594864902311: _
	4012474281054: .
	387430424636134: _
	332904076780492: _
	415389045172451: _
	3993993139037: _
	420815674615852: _
	244765178958775: _
	364773770248874: _
	3982559173195: .
	3976166453381: _


user 1557207829 not existing: go further
user 1558104223 not existing: go further
user 1559405138 not existing: go further
user 1559431910 not existing: go further
user 1560232411 not existing: go further
user 1560678514 not existing: go further
user 1562282252 not existing: go further
user 1564371107 not existing: go further
user 1564464666 not existing: go further
user 1567796499 not existing: go further
user 1569099367 not existing: go further
user 1571191166 not existing: go further
user 1571281000 not existing: go further
user 1573134620 not existing: go further
user 1573950711 not existing: go further
user 1574136118 not existing: go further
user 1574252858 not existing: go further
user 1574303983 not existing: go further
user 1576510391 not existing: go further
user 1576938359 not existing: go further
user 1577017086 not existing: go further
user 1577034609 not existing: go further
user 1577335953 not existing: go further
user 1577643952 not existing: go further
user 1579517671 not existing: go further
user 1581010476 not existing: go further
user 1581690964 not existing: go further
user 1582131125 not existing: go further
user 1583560479 not existing: go further
user 1583707019 not existing: go further
user 1586928763 not existing: go further
user 1586943674 not existing: go further
user 1587159085 not existing: go further
user 1587195787 not existing: go further
user 1587458080 not existing: go further
user 1587660172 not existing: go further
user 1588217884 not existing: go further
user 1588224844 not existing: go further
user 1590100807 not existing: go further
user 1590270761 not existing: go further
user 1590390261 not existing: go further
user 1591720291 not existing: go further
user 1592011576 not existing: go further
user 1592074147 not existing: go further
user 1593123297 not existing: go further
user 1593275325 not existing: go further
user 1593875240 not existing: go further
user 1594806950 not existing: go further
user 1595670309 not existing: go further
user 1605428970 not existing: go further
user 1606293942 not existing: go further
user 1606773915 not existing: go further
user 1607525922 not existing: go further
user 1607623724 not existing: go further
user 1608794780 not existing: go further
user 1609426436 not existing: go further
user 1609592441 not existing: go further
user 1611783901 not existing: go further
user 1611871507 not existing: go further
user 1612149072 not existing: go further
user 1612323715 not existing: go further
user 1612714052 not existing: go further
user 1614023905 not existing: go further
user 1615204206 not existing: go further
user 1617303894 not existing: go further
user 1617453873 not existing: go further
user 1618634908 not existing: go further
user 1619143827 not existing: go further
user 1619765121 not existing: go further
user 1619917017 not existing: go further
user 1620337739 not existing: go further
user 1621113672 not existing: go further
user 1621284562 not existing: go further
user 1622179411 not existing: go further
user 1622184006 not existing: go further
user 1623123909 not existing: go further
user 1624224068 not existing: go further
user 1624573178 not existing: go further
user 1625096857 not existing: go further
user 1627847566 not existing: go further
user 1628169567 not existing: go further
user 1628430147 not existing: go further
user 1629011494 not existing: go further
user 1629245194 not existing: go further
user 1631041540 not existing: go further
user 1631114986 not existing: go further
user 1631290215 not existing: go further
user 1632563356 not existing: go further
user 1632668098 not existing: go further
user 1633281470 not existing: go further
user 1634843525 not existing: go further
user 1635840949 not existing: go further
user 1636261525 not existing: go further
user 1637018234 not existing: go further
user 1638926022 not existing: go further
user 1641625493 not existing: go further
user 1641790954 not existing: go further
user 1643021175 not existing: go further
user 1643191014 not existing: go further
user 1643385923 not existing: go further
user 1644823656 not existing: go further
user 1646285749 not existing: go further
user 1646971562 not existing: go further
user 1647603823 not existing: go further
user 1653476064 not existing: go further
user 1656220430 not existing: go further
user 1657299667 not existing: go further
user 1658793965 not existing: go further
user 1659272522 not existing: go further
user 1660180503 not existing: go further
user 1660224687 not existing: go further
user 1660351860 not existing: go further
user 1661050379 not existing: go further
user 1661223679 not existing: go further
user 1661508375 not existing: go further
user 1662189648 not existing: go further
user 1662933847 not existing: go further
user 1663240297 not existing: go further
user 1663652602 not existing: go further
user 1664873988 not existing: go further
user 1665351984 not existing: go further
user 1666489252 not existing: go further
user 1667685461 not existing: go further
user 1667799541 not existing: go further
user 1671231173 not existing: go further
user 1677922265 not existing: go further
user 1685391456 not existing: go further
user 1696641624 not existing: go further
user 1705357931 not existing: go further
user 1706897868 not existing: go further
user 1720047449 not existing: go further
user 1728866945 not existing: go further
user 1743488113 not existing: go further
user 1743861702 not existing: go further
user 1757340650 not existing: go further
user 1786846845 not existing: go further
user 1802240697 not existing: go further
user 1803321538 not existing: go further
user 1815923470 not existing: go further
user 1820839718 not existing: go further
user 1824917804 not existing: go further
user 1833353947 not existing: go further
user 1841753687 not existing: go further
user 1850416882 not existing: go further
user 100000001308359 not existing: go further
user 100000013067820 not existing: go further
user 100000019942150 not existing: go further
user 100000033755972 not existing: go further
user 100000037086622 not existing: go further
user 100000044412672 not existing: go further
user 100000048381511 [10/556]: 88 posts
	876454475699490: .
	876070169071254: _
	876065719071699: _
	876050412406563: _
	876017602409844: .
	875594389118832: .
	874753119202959: _
	874221299256141: _
	873965919281679: _
	873762499302021: _
	873694482642156: _
	872069459471325: .
	871422422869362: _
	871401512871453: _
	870918676253070: .
	870372266307711: .
	869909246354013: _
	869056846439253: .
	868604413151163: .
	868589013152703: _
	868560469822224: _
	868187253192879: .
	868172396527698: _
	868084053203199: .
	867894093222195: .
	867618819916389: _
	867441523267452: _
	866595946685343: .
	865639643447640: .
	865365150141756: _
	865329040145367: _
	865145666830371: _
	864940950184176: _
	864932856851652: _
	864907810187490: _
	864706003541004: .
	864333333578271: .
	864331353578469: .
	863915613620043: _
	863714526973485: _
	863714523640152: _
	863486673662937: _
	862947863716818: _
	862605347084403: .
	862012187143719: _
	861977480480523: .
	861864490491822: .
	861554627189475: _
	859936954017909: _
	859129590765312: .
	859081970770074: .
	858854920792779: _
	858615710816700: _
	858111157533822: _
	857590177585920: .
	856841867660751: _
	856749407669997: _
	856142637730674: .
	854024584609146: _
	853968361281435: _
	852894001388871: _
	851684711509800: .
	850726454938959: _
	850682778276660: _
	850475754964029: .
	850274791650792: _
	850259348319003: _
	849047281773543: .
	848018698543068: .
	847791625232442: _
	847714391906832: .
	847713415240263: _
	846649098680028: .
	846642502014021: _
	846334292044842: _
	845799968764941: _
	844424505569154: .
	844301102248161: _
	844259608918977: _
	844089272269344: _
	843832538961684: .
	843317182346553: _
	843131122365159: _
	843088999036038: .
	843088449036093: .
	842682632410008: .
	842289769115961: _
	840256442652627: _


user 100000061007420 not existing: go further
user 100000073686933 not existing: go further
user 100000084843965 not existing: go further
user 100000102082809 not existing: go further
user 100000106368222 not existing: go further
user 100000111004782 not existing: go further
user 100000125365950 not existing: go further
user 100000132880667 not existing: go further
user 100000134060102 not existing: go further
user 100000150670444 not existing: go further
user 100000168003534 not existing: go further
user 100000182059044 not existing: go further
user 100000186212875 not existing: go further
user 100000187311208 not existing: go further
user 100000190686729 not existing: go further
user 100000208241470 not existing: go further
user 100000211491608 not existing: go further
user 100000306936955 not existing: go further
user 100000331857839 not existing: go further
user 100000407643027 not existing: go further
user 100000432490257 not existing: go further
user 100000474066371 not existing: go further
user 100000485328134 not existing: go further
user 100000486798410 not existing: go further
user 100000522471524 not existing: go further
user 100000559813411 not existing: go further
user 100000561090887 not existing: go further
user 100000562737815 not existing: go further
user 100000588743775 not existing: go further
user 100000601705358 not existing: go further
user 100000605141865 not existing: go further
user 100000607784881 not existing: go further
user 100000616624433 not existing: go further
user 100000619800626 not existing: go further
user 100000626474587 not existing: go further
user 100000632445119 not existing: go further
user 100000645962872 not existing: go further
user 100000662410925 not existing: go further
user 100000665686693 not existing: go further
user 100000679734777 not existing: go further
user 100000700684651 not existing: go further
user 100000717198614 not existing: go further
user 100000730254921 not existing: go further
user 100000743012162 not existing: go further
user 100000748638781 not existing: go further
user 100000782164906 not existing: go further
user 100000814056074 not existing: go further
user 100000828852292 not existing: go further
user 100000842954352 not existing: go further
user 100000845301042 not existing: go further
user 100000857553967 not existing: go further
user 100000879451517 not existing: go further
user 100000885930082 not existing: go further
user 100000898560302 not existing: go further
user 100000911499119 not existing: go further
user 100000911731368 not existing: go further
user 100000932959386 not existing: go further
user 100000936186367 not existing: go further
user 100000945990263 not existing: go further
user 100000990036656 not existing: go further
user 100001038812272 not existing: go further
user 100001042532304 not existing: go further
user 100001051968367 not existing: go further
user 100001081239216 not existing: go further
user 100001095034570 not existing: go further
user 100001108094120 not existing: go further
user 100001173194889 not existing: go further
user 100001196426197 not existing: go further
user 100001201241803 not existing: go further
user 100001252446857 not existing: go further
user 100001261650512 not existing: go further
user 100001264255295 not existing: go further
user 100001293963741 not existing: go further
user 100001315026754 not existing: go further
user 100001326033516 not existing: go further
user 100001333257508 not existing: go further
user 100001340664900 not existing: go further
user 100001368447331 not existing: go further
user 100001382311993 not existing: go further
user 100001393532329 not existing: go further
user 100001444323235 not existing: go further
user 100001453736745 not existing: go further
user 100001497686849 not existing: go further
user 100001500260505 not existing: go further
user 100001531545663 not existing: go further
user 100001556747282 not existing: go further
user 100001591010367 not existing: go further
user 100001601827442 not existing: go further
user 100001608695615 not existing: go further
user 100001679142951 not existing: go further
user 100001786411651 not existing: go further
user 100001810881920 not existing: go further
user 100001914793470 not existing: go further
user 100001921533504 not existing: go further
user 100002005845768 not existing: go further
user 100002081767299 [11/556]: 54 posts
	10152104010968667: .
	488795361199852: .
	467018113377577: .
	456638047748917: .
	454091261336929: .
	325367510901389: .
	398959080183481: _
	385414674871255: .
	500551353302116: _
	370094423069947: _
	369606299785426: _
	366851186727604: _
	306774976068559: .
	295527007193356: _
	260704654008925: .
	248826145196776: .
	125968527525090: _
	238170336262357: _
	331014266929049: .
	230393573706700: .
	222956184450439: _
	222912994454758: _
	221693141243410: .
	205059396240118: .
	207029732708831: _
	199070033505721: _
	192448234167901: _
	191462260933165: .
	150316751714383: .
	169466343122214: .
	203594396355049: _
	129119140500811: _
	226067760737614: _
	230084173675018: .
	146605258746074: _
	123446237734768: .
	122118201200905: _
	116408125105246: _
	178761078838120: .
	112828802129845: .
	111981155547943: .
	111507578928634: .
	139041362827739: .
	108218549257537: .
	107632009316191: _
	107242099355182: _
	105992566146802: .
	194785460541167: .
	104993639580028: _
	203030599709174: _
	103887803023945: _
	131224870280775: _
	145784955481710: .
	184189981619779: _


user 100002087379361 not existing: go further
user 100002132471108 not existing: go further
user 100002153231180 not existing: go further
user 100002164976255 not existing: go further
user 100002176077159 not existing: go further
user 100002245263394 not existing: go further
user 100002256354590 not existing: go further
user 100002269884346 [12/556]: 4 posts
	669716183114038: .
	669674796451510: .
	669586309793692: _
	669510353134621: .


user 100002291200916 [13/556]: 97 posts
	687771857975848: _
	685945998158434: .
	668701126549588: _
	667999936619707: _
	658962290856805: _
	658736404212727: .
	657141694372198: _
	657139271039107: _
	653917134694654: _
	652534561499578: .
	652097594876608: _
	650556108364090: _
	650050828414618: _
	649009395185428: _
	648336888586012: _
	645174455568922: _
	644681838951517: _
	644662592286775: _
	638798136206554: _
	637272873025747: _
	635423166544051: _
	634924589927242: _
	634433723309662: _
	634184493334585: _
	633259026760465: _
	633078530111848: _
	631736040246097: _
	629861740433527: .
	627972647289103: _
	626418270777874: _
	626367437449624: _
	623873941032307: _
	623734731046228: .
	623397631079938: _
	622189861200715: .
	620288291390872: _
	618246428261725: _
	614484931971208: _
	614025635350471: _
	610705035682531: .
	610562785696756: _
	609808162438885: _
	607033099383058: .
	603123693107332: .
	602385016514533: _
	597276687025366: _
	593831394036562: .
	592721297480905: _
	589935521092816: .
	587552651331103: .
	586995514720150: _
	586292731457095: _
	586287394790962: _
	585622898190745: .
	585438551542513: _
	578304105589291: .
	577027412383627: .
	576663089086726: .
	573473789405656: _
	571191906300511: _
	567565169996518: .
	564086547011047: _
	563672130385822: _
	561456913940677: _
	561312980621737: _
	560576657362036: .
	559024514183917: _
	558651710887864: _
	555901764496192: _
	555515721201463: .
	553342601418775: _
	548272278592474: _
	543510479068654: .
	542856982467337: _
	542856975800671: _
	542380119181690: _
	542252769194425: _
	540567939362908: _
	539890612763974: .
	537191049700597: _
	536733086413060: .
	536669113086124: .
	534269386659430: .
	532627980156904: .
	531380130281689: _
	528113087275060: .
	528086457277723: _
	527692520650450: _
	525850534167982: _
	524769447609424: _
	524278947658474: .
	523080584444977: _
	521818537904515: _
	520734408012928: _
	516167135136322: _
	511763665576669: _
	509543502465352: _


user 100002330646017 not existing: go further
user 100002342106023 not existing: go further
user 100002443352544 not existing: go further
user 100002472833724 not existing: go further
user 100002507329936 not existing: go further
user 100002615401257 not existing: go further
user 100002637138998 not existing: go further
user 100002638503274 not existing: go further
user 100002754769316 not existing: go further
user 100002896403305 not existing: go further
user 100002935132888 not existing: go further
user 100002987156569 not existing: go further
user 100003000659041 not existing: go further
user 100003038208768 not existing: go further
user 100003040350513 not existing: go further
user 100003096172201 not existing: go further
user 100003108009052 not existing: go further
user 100003171424417 not existing: go further
user 100003203797219 not existing: go further
user 100003331124813 not existing: go further
user 100003340563938 not existing: go further
user 100003369549239 not existing: go further
user 100003628659721 not existing: go further
user 100003676373440 not existing: go further
user 100003687522575 not existing: go further
user 100003698057364 not existing: go further
user 100003764870853 not existing: go further
user 100004058231592 not existing: go further
user 100004092665798 not existing: go further
user 100004420205530 not existing: go further
user 100004490670042 [14/556]: 128 posts
	349542561872097: .
	348853921940961: .
	337343366425350: _
	323588901134130: _
	322396971253323: _
	321924851300535: _
	319907574835596: _
	316481051844915: _
	312231742269846: _
	308186356007718: _
	292596827566671: _
	292087197617634: _
	281869835306037: _
	281099395383081: _
	279995568826797: _
	279994755493545: .
	279993962160291: .
	279993655493655: .
	279987358827618: .
	279980295494991: .
	279978998828454: .
	279978622161825: .
	279978325495188: .
	279977618828592: .
	279976622162025: .
	279973208829033: _
	279972738829080: .
	279971938829160: .
	279971148829239: .
	279970932162594: .
	279968305496190: .
	279967495496271: .
	279963965496624: .
	279960425496978: .
	279959942163693: .
	279928285500192: .
	279919652167722: .
	279916655501355: .
	279914805501540: .
	279914675501553: .
	279913582168329: .
	279912362168451: .
	279912185501802: .
	279906872169000: .
	279905612169126: .
	279902252169462: .
	279902135502807: .
	279897618836592: .
	279893835503637: .
	279891452170542: .
	279888105504210: .
	279883248838029: .
	279882658838088: .
	279879805505040: .
	279877082171979: .
	279877055505315: .
	279876655505355: .
	279873745505646: .
	279867635506257: .
	279867465506274: .
	279867455506275: .
	279866608839693: .
	279866592173028: .
	279866422173045: .
	279865722173115: .
	279862252173462: .
	279861948840159: .
	279859582173729: .
	279857135507307: .
	279856312174056: .
	279852822174405: .
	279852468841107: .
	279852428841111: .
	279851012174586: .
	279849895508031: .
	279844515508569: .
	279842498842104: .
	279841615508859: .
	279837825509238: .
	279803608845993: .
	279802488846105: .
	279800742179613: .
	279792245513796: .
	279791722180515: .
	279789632180724: .
	279785298847824: .
	279785062181181: .
	279785058847848: .
	279783698847984: .
	279782915514729: .
	279782535514767: .
	279781565514864: .
	279780748848279: .
	279780502181637: .
	279777232181964: .
	279775572182130: .
	279775252182162: .
	279770928849261: .
	279770875515933: .
	279770562182631: .
	279768505516170: .
	279766232183064: .
	279766135516407: .
	279765098849844: .
	279677465525274: .
	279645238861830: .
	279638232195864: .
	279628072196880: .
	279627388863615: .
	279625048863849: .
	279625028863851: .
	279624512197236: .
	279624145530606: .
	279623662197321: .
	279328478893506: .
	277899545703066: _
	277154215777599: _
	277066509119703: _
	274902816002739: _
	260245060801848: _
	258815557611465: _
	10202223294497345: .
	251116581714696: _
	249371698555851: _
	246149328878088: _
	241378316021856: .
	238907702935584: _
	234258583400496: _


user 100004730286418 not existing: go further
user 100004739160780 not existing: go further
user 100004762922596 not existing: go further
user 100004791943414 not existing: go further
user 100005146204165 not existing: go further
user 100005536891282 not existing: go further
user 100005574160180 not existing: go further
user 100005835433532 not existing: go further
user 100005922635563 not existing: go further
user 100006081852518 not existing: go further
user 100006296888762 not existing: go further
user 100006425501595 not existing: go further
user 100006511638239 not existing: go further
user 100007032030521 [15/556]: 7 posts
	1434330156811372: _
	1434320026812385: _
	1434208863490168: _
	1422508047993583: _
	1394648427446212: _
	1394648254112896: _
	1389724684605253: _


user 100007753864213 not existing: go further
user 100007931106275 not existing: go further


done in 9 minutes and 45 seconds

